\BOOKMARK [1][-]{section.1}{\376\377\0001\000\040\000D\000i\000v\000e\000r\000s}{}% 1
\BOOKMARK [2][-]{subsection.1.1}{\376\377\0001\000.\0001\000\040\000L\000e\000s\000\040\000n\000o\000m\000b\000r\000e\000s\000\040\000o\000r\000d\000i\000n\000a\000u\000x}{section.1}% 2
\BOOKMARK [1][-]{section.2}{\376\377\0002\000\040\000E\000x\000c\000e\000p\000t\000i\000o\000n\000s\000\040\000i\000m\000p\000o\000r\000t\000a\000n\000t\000e\000s}{}% 3
\BOOKMARK [2][-]{subsection.2.1}{\376\377\0002\000.\0001\000\040\000L\000e\000s\000\040\0002\000\040\000\253\000j\000e\000-\000v\000e\000r\000b\000e\000\273\000\040\000e\000x\000c\000e\000p\000t\000i\000o\000n\000s}{section.2}% 4
\BOOKMARK [2][-]{subsection.2.2}{\376\377\0002\000.\0002\000\040\000L\000e\000s\000\040\0003\000\040\000\253\000v\000o\000u\000s\000-\000v\000e\000r\000b\000e\000\273\000\040\000e\000x\000c\000e\000p\000t\000i\000o\000n\000s}{section.2}% 5
\BOOKMARK [1][-]{section.3}{\376\377\0003\000\040\000S\000e\000x\000e}{}% 6
\BOOKMARK [2][-]{subsection.3.1}{\376\377\0003\000.\0001\000\040\000L\000e\000s\000\040\000a\000b\000r\000\351\000v\000i\000a\000t\000i\000o\000n\000s}{section.3}% 7
\BOOKMARK [2][-]{subsection.3.2}{\376\377\0003\000.\0002\000\040\000D\000e\000m\000a\000n\000d\000e\000r\000/\000I\000n\000d\000i\000q\000u\000e\000r\000\040\000l\000a\000\040\000d\000e\000s\000t\000i\000n\000a\000t\000i\000o\000n\000/\000p\000r\000o\000v\000e\000n\000a\000n\000c\000e\000\040\000p\000a\000y\000s}{section.3}% 8
\BOOKMARK [3][-]{subsubsection.3.2.1}{\376\377\0003\000.\0002\000.\0001\000\040\000E\000x\000e\000m\000p\000l\000e\000s}{subsection.3.2}% 9
\BOOKMARK [2][-]{subsection.3.3}{\376\377\0003\000.\0003\000\040\000L\000e\000\040\000g\000e\000n\000r\000e\000\040\000d\000e\000s\000\040\000n\000o\000m\000s\000\040\000d\000e\000\040\000p\000a\000y\000s}{section.3}% 10
\BOOKMARK [2][-]{subsection.3.4}{\376\377\0003\000.\0004\000\040\000A\000r\000t\000i\000c\000l\000e\000s\000\040\000d\000\351\000f\000i\000n\000i\000s\000\040\000e\000t\000\040\000i\000n\000d\000\351\000f\000i\000n\000i\000s}{section.3}% 11
\BOOKMARK [3][-]{subsubsection.3.4.1}{\376\377\0003\000.\0004\000.\0001\000\040\000E\000n\000\040\000u\000t\000i\000l\000i\000s\000a\000n\000t\000\040\000a\000u\000x\000/\000a\000u\000/\000\340\000\040\000l\000a\000/\000\340\000\040\000l\000'}{subsection.3.4}% 12
\BOOKMARK [2][-]{subsection.3.5}{\376\377\0003\000.\0005\000\040\000N\000e\000g\000a\000t\000i\000o\000n\000\040\000R\000u\000l\000e\000s}{section.3}% 13
\BOOKMARK [3][-]{subsubsection.3.5.1}{\376\377\0003\000.\0005\000.\0001\000\040\000E\000n\000\040\000u\000t\000i\000l\000i\000s\000a\000n\000t\000\040\000I\000l\000\040\000y\000\040\000a\000\040\000e\000t\000\040\000I\000l\000\040\000n\000'\000y\000\040\000a\000\040\000p\000a\000s}{subsection.3.5}% 14
\BOOKMARK [2][-]{subsection.3.6}{\376\377\0003\000.\0006\000\040\000\253\000-\000m\000e\000\273\000\040\000m\000o\000t\000s}{section.3}% 15
\BOOKMARK [2][-]{subsection.3.7}{\376\377\0003\000.\0007\000\040\000\253\000-\000t\000\351\000\273\000\040\000m\000o\000t\000s}{section.3}% 16
\BOOKMARK [2][-]{subsection.3.8}{\376\377\0003\000.\0008\000\040\000\253\000-\000a\000n\000c\000e\000\273\000\040\000e\000t\000\040\000\253\000-\000e\000n\000c\000e\000\273\000\040\000m\000o\000t\000s}{section.3}% 17
\BOOKMARK [1][-]{section.4}{\376\377\0004\000\040\000I\000m\000p\000o\000r\000t\000a\000n\000t\000\040\000V\000e\000r\000b\000e\000s}{}% 18
\BOOKMARK [2][-]{subsection.4.1}{\376\377\0004\000.\0001\000\040\000F\000a\000i\000r\000e\000\040\000e\000t\000\040\000l\000e\000s\000\040\000a\000c\000t\000i\000v\000i\000t\000\351\000s}{section.4}% 19
\BOOKMARK [3][-]{subsubsection.4.1.1}{\376\377\0004\000.\0001\000.\0001\000\040\000\253\000J\000e\000\040\000f\000a\000i\000s\000\273\000\040\000e\000s\000t\000\040\000s\000y\000n\000o\000n\000y\000m\000e\000\040\000d\000e\000\040\000\253\000j\000e\000\040\000p\000r\000a\000c\000t\000i\000q\000u\000e\000\273}{subsection.4.1}% 20
\BOOKMARK [3][-]{subsubsection.4.1.2}{\376\377\0004\000.\0001\000.\0002\000\040\000\253\000J\000e\000\040\000f\000a\000i\000s\000\273\000\040\000e\000s\000t\000\040\000s\000y\000n\000o\000n\000y\000m\000e\000\040\000d\000e\000\040\000\253\000j\000e\000\040\000t\000r\000a\000v\000a\000i\000l\000l\000e\000\273}{subsection.4.1}% 21
\BOOKMARK [3][-]{subsubsection.4.1.3}{\376\377\0004\000.\0001\000.\0003\000\040\000\253\000J\000e\000\040\000f\000a\000i\000s\000\273\000\040\000e\000s\000t\000\040\000s\000y\000n\000o\000n\000y\000m\000e\000\040\000d\000e\000\040\000\253\000j\000e\000\040\000p\000r\000\351\000p\000a\000r\000e\000\273}{subsection.4.1}% 22
\BOOKMARK [2][-]{subsection.4.2}{\376\377\0004\000.\0002\000\040\000A\000l\000l\000e\000r\000\040\000e\000t\000\040\000l\000e\000s\000\040\000l\000i\000e\000u\000x}{section.4}% 23
\BOOKMARK [2][-]{subsection.4.3}{\376\377\0004\000.\0003\000\040\000A\000i\000m\000e\000r\000\040\000e\000t\000\040\000l\000e\000s\000\040\000g\000o\000\373\000t\000s}{section.4}% 24
\BOOKMARK [1][-]{section.5}{\376\377\0005\000\040\000L\000e\000s\000\040\000p\000r\000o\000n\000o\000m\000s}{}% 25
\BOOKMARK [2][-]{subsection.5.1}{\376\377\0005\000.\0001\000\040\000L\000e\000\040\000t\000a\000b\000l\000e\000a\000u\000\040\000d\000e\000s\000\040\000p\000r\000o\000n\000o\000m\000s\000\040\000p\000e\000r\000s\000o\000n\000a\000l}{section.5}% 26
\BOOKMARK [2][-]{subsection.5.2}{\376\377\0005\000.\0002\000\040\000L\000e\000\040\000t\000a\000b\000l\000e\000a\000u\000\040\000d\000e\000s\000\040\000p\000r\000o\000n\000o\000m\000s}{section.5}% 27
\BOOKMARK [1][-]{section.6}{\376\377\0006\000\040\000L\000e\000s\000\040\000t\000e\000m\000p\000s\000\040\000\050\000t\000e\000n\000s\000e\000s\000\051}{}% 28
\BOOKMARK [2][-]{subsection.6.1}{\376\377\0006\000.\0001\000\040\000L\000e\000\040\000t\000e\000m\000p\000s\000\040\000p\000a\000s\000s\000\351}{section.6}% 29
\BOOKMARK [2][-]{subsection.6.2}{\376\377\0006\000.\0002\000\040\000L\000e\000\040\000t\000e\000m\000p\000s\000\040\000p\000r\000\351\000s\000e\000n\000t}{section.6}% 30
\BOOKMARK [2][-]{subsection.6.3}{\376\377\0006\000.\0003\000\040\000L\000e\000\040\000t\000e\000m\000p\000s\000\040\000f\000u\000t\000u\000r}{section.6}% 31
\BOOKMARK [1][-]{section.7}{\376\377\0007\000\040\000F\000o\000o\000d}{}% 32
\BOOKMARK [1][-]{section.8}{\376\377\0008\000\040\000Q\000u\000e\000s\000t\000i\000o\000n\000s\000\040\000e\000t\000\040\000r\000\351\000p\000o\000n\000s\000e\000s}{}% 33
\BOOKMARK [2][-]{subsection.8.1}{\376\377\0008\000.\0001\000\040\000C\000o\000m\000m\000e\000n\000t\000/\000C\000o\000m\000b\000i\000e\000n\000\040\000\050\000H\000o\000w\000/\000H\000o\000w\000\040\000m\000u\000c\000h\000\051}{section.8}% 34
\BOOKMARK [3][-]{subsubsection.8.1.1}{\376\377\0008\000.\0001\000.\0001\000\040\000C\000o\000m\000b\000i\000e\000n\000\040\000c\000o\000\373\000t\000e\000\040\040\046\000\050\000H\000o\000w\000\040\000m\000u\000c\000h\000\051}{subsection.8.1}% 35
\BOOKMARK [3][-]{subsubsection.8.1.2}{\376\377\0008\000.\0001\000.\0002\000\040\000C\000o\000m\000b\000i\000e\000n\000\040\000d\000e\000\040\040\046\000\050\000H\000o\000w\000\040\000m\000a\000n\000y\000\051}{subsection.8.1}% 36
\BOOKMARK [2][-]{subsection.8.2}{\376\377\0008\000.\0002\000\040\000\050\000W\000h\000i\000c\000h\000\051}{section.8}% 37
\BOOKMARK [2][-]{subsection.8.3}{\376\377\0008\000.\0003\000\040\000O\000\371\000\040\000\050\000W\000h\000e\000r\000e\000\051}{section.8}% 38
\BOOKMARK [3][-]{subsubsection.8.3.1}{\376\377\0008\000.\0003\000.\0001\000\040\000E\000n\000\040\000u\000t\000i\000l\000i\000s\000a\000n\000t\000\040\000o\000\371}{subsection.8.3}% 39
\BOOKMARK [3][-]{subsubsection.8.3.2}{\376\377\0008\000.\0003\000.\0002\000\040\000I\000n\000s\000t\000r\000u\000c\000t\000i\000o\000n\000s\000\040\000\050\000D\000i\000r\000e\000c\000t\000i\000o\000n\000s\000\051}{subsection.8.3}% 40
\BOOKMARK [3][-]{subsubsection.8.3.3}{\376\377\0008\000.\0003\000.\0003\000\040\040\046\000\050\000T\000r\000a\000n\000s\000p\000o\000r\000t\000\051}{subsection.8.3}% 41
\BOOKMARK [2][-]{subsection.8.4}{\376\377\0008\000.\0004\000\040\000Q\000u\000a\000n\000d\000\040\000\050\000W\000h\000e\000n\000\051}{section.8}% 42
\BOOKMARK [1][-]{section.9}{\376\377\0009\000\040\000C\000o\000m\000m\000u\000n}{}% 43
\BOOKMARK [2][-]{subsection.9.1}{\376\377\0009\000.\0001\000\040\000S\000a\000l\000u\000t\000a\000t\000i\000o\000n\000s}{section.9}% 44
\BOOKMARK [2][-]{subsection.9.2}{\376\377\0009\000.\0002\000\040\000D\000\351\000s\000o\000l\000\351\000e\000\040\000\352\000t\000r\000e\000\040\040\046}{section.9}% 45
\BOOKMARK [2][-]{subsection.9.3}{\376\377\0009\000.\0003\000\040\000J\000'\000a\000i\000\040\000b\000e\000s\000o\000i\000n\000\040\000d\040\046}{section.9}% 46
\BOOKMARK [2][-]{subsection.9.4}{\376\377\0009\000.\0004\000\040\000E\000x\000p\000r\000e\000s\000s\000i\000n\000g\000\040\000o\000f\000\040\000F\000e\000e\000l\000i\000n\000g}{section.9}% 47
